<?xml version="1.0" encoding="UTF-8"?>
<testng-results ignored="0" total="1" passed="1" failed="0" skipped="0">
  <reporter-output>
  </reporter-output>
  <suite started-at="2022-05-06T09:47:34 IST" name="Default suite" finished-at="2022-05-06T09:47:34 IST" duration-ms="72">
    <groups>
    </groups>
    <test started-at="2022-05-06T09:47:34 IST" name="Default test" finished-at="2022-05-06T09:47:34 IST" duration-ms="72">
      <class name="sample.one">
        <test-method signature="s()[pri:0, instance:sample.one@2e1d27ba]" started-at="2022-05-06T09:47:34 IST" name="s" finished-at="2022-05-06T09:47:34 IST" duration-ms="10" status="PASS">
          <reporter-output>
          </reporter-output>
        </test-method> <!-- s -->
      </class> <!-- sample.one -->
    </test> <!-- Default test -->
  </suite> <!-- Default suite -->
</testng-results>
